<?xml version="1.0" encoding="UTF-8"?>
<robot generator="Robot 4.0.3 (Python 3.9.6 on win32)" generated="20210708 23:12:08.661" rpa="false" schemaversion="2">
<suite id="s1" name="Selenium Test" source="C:\Users\sdas\Desktop\New folder\Selenium Suite\selenium_test.robot">
<test id="s1-t1" name="TC8">
<kw name="Append To Environment Variable" library="OperatingSystem">
<arg>Path</arg>
<arg>${EXECDIR}${/}driver</arg>
<doc>Appends given ``values`` to environment variable ``name``.</doc>
<msg timestamp="20210708 23:12:09.114" level="INFO">Environment variable 'Path' set to value 'C:\Users\sdas\Desktop\New folder\venv\Scripts;C:\Program Files\Python39\Scripts\;C:\Program Files\Python39\;C:\Users\sdas\Downloads\apache-maven-3.6.2-bin\apache-maven-3.6.2\bin;C:\Program Files (x86)\Common Files\Oracle\Java\javapath;C:\WINDOWS\system32;C:\WINDOWS;C:\WINDOWS\System32\Wbem;C:\WINDOWS\System32\WindowsPowerShell\v1.0\;C:\WINDOWS\System32\OpenSSH\;C:\Windows\CCM;C:\Program Files (x86)\Webex\Webex\Applications;C:\Program Files\Microsoft SQL Server\120\DTS\Binn\;C:\Program Files\Microsoft SQL Server\Client SDK\ODBC\110\Tools\Binn\;C:\Program Files (x86)\Microsoft SQL Server\120\Tools\Binn\;C:\Program Files\Microsoft SQL Server\120\Tools\Binn\;C:\Program Files (x86)\Microsoft SQL Server\120\Tools\Binn\ManagementStudio\;C:\Program Files (x86)\Microsoft SQL Server\120\DTS\Binn\;C:\Program Files\Git\cmd;C:\Program Files\Intel\WiFi\bin\;C:\Program Files\Common Files\Intel\WirelessCommon\;C:\Program Files (x86)\Sennheiser\SenncomSDK\;C:\Users\sdas\AppData\Roaming\Python\Python39\site-packages\robot;C:\Users\sdas\AppData\Local\Microsoft\WindowsApps;;C:\Program Files\JetBrains\PyCharm Community Edition 2021.1.3\bin;;C:\Users\sdas\Desktop\New folder\driver'.</msg>
<status status="PASS" starttime="20210708 23:12:09.113" endtime="20210708 23:12:09.114"/>
</kw>
<kw name="Open Browser" library="SeleniumLibrary">
<arg>url=https://www.pepperfry.com/</arg>
<arg>browser=gc</arg>
<doc>Opens a new browser instance to the optional ``url``.</doc>
<msg timestamp="20210708 23:12:09.117" level="INFO">Opening browser 'gc' to base url 'https://www.pepperfry.com/'.</msg>
<status status="PASS" starttime="20210708 23:12:09.115" endtime="20210708 23:12:17.258"/>
</kw>
<kw name="Maximize Browser Window" library="SeleniumLibrary">
<doc>Maximizes current browser window.</doc>
<status status="PASS" starttime="20210708 23:12:17.259" endtime="20210708 23:12:17.502"/>
</kw>
<kw name="Input Text" library="SeleniumLibrary">
<arg>id=search</arg>
<arg>bedsheet</arg>
<doc>Types the given ``text`` into the text field identified by ``locator``.</doc>
<msg timestamp="20210708 23:12:17.503" level="INFO">Typing text 'bedsheet' into text field 'id=search'.</msg>
<status status="PASS" starttime="20210708 23:12:17.502" endtime="20210708 23:12:17.753"/>
</kw>
<kw name="Click Element" library="SeleniumLibrary">
<arg>id=searchButton</arg>
<doc>Click the element identified by ``locator``.</doc>
<msg timestamp="20210708 23:12:17.754" level="INFO">Clicking element 'id=searchButton'.</msg>
<status status="PASS" starttime="20210708 23:12:17.754" endtime="20210708 23:12:21.272"/>
</kw>
<kw name="Set Selenium Implicit Wait" library="SeleniumLibrary">
<arg>100s</arg>
<doc>Sets the implicit wait value used by Selenium.</doc>
<status status="PASS" starttime="20210708 23:12:21.273" endtime="20210708 23:12:21.275"/>
</kw>
<kw name="Click Element" library="SeleniumLibrary">
<arg>xpath=//div[@id='regPopUp']/a[@class='popup-close']</arg>
<doc>Click the element identified by ``locator``.</doc>
<msg timestamp="20210708 23:12:21.276" level="INFO">Clicking element 'xpath=//div[@id='regPopUp']/a[@class='popup-close']'.</msg>
<status status="PASS" starttime="20210708 23:12:21.275" endtime="20210708 23:12:32.280"/>
</kw>
<kw name="Click Element" library="SeleniumLibrary">
<arg>xpath=//a[@class='clip__filter-search-icon']</arg>
<doc>Click the element identified by ``locator``.</doc>
<msg timestamp="20210708 23:12:32.281" level="INFO">Clicking element 'xpath=//a[@class='clip__filter-search-icon']'.</msg>
<status status="PASS" starttime="20210708 23:12:32.281" endtime="20210708 23:12:33.048"/>
</kw>
<kw name="Input Text" library="SeleniumLibrary">
<arg>name=Brand search</arg>
<arg>Sleep Dove</arg>
<doc>Types the given ``text`` into the text field identified by ``locator``.</doc>
<msg timestamp="20210708 23:12:33.050" level="INFO">Typing text 'Sleep Dove' into text field 'name=Brand search'.</msg>
<status status="PASS" starttime="20210708 23:12:33.049" endtime="20210708 23:12:33.783"/>
</kw>
<kw name="Click Element" library="SeleniumLibrary">
<arg>xpath=//label[@for='brandsnameSleep_Dove']</arg>
<doc>Click the element identified by ``locator``.</doc>
<msg timestamp="20210708 23:12:33.789" level="INFO">Clicking element 'xpath=//label[@for='brandsnameSleep_Dove']'.</msg>
<status status="PASS" starttime="20210708 23:12:33.787" endtime="20210708 23:12:34.174"/>
</kw>
<kw name="Set Selenium Implicit Wait" library="SeleniumLibrary">
<arg>30s</arg>
<doc>Sets the implicit wait value used by Selenium.</doc>
<status status="PASS" starttime="20210708 23:12:34.175" endtime="20210708 23:12:34.181"/>
</kw>
<kw name="Scroll Element Into View" library="SeleniumLibrary">
<arg>xpath=//a[contains(text(),'100% Cotton 300TC')]</arg>
<doc>Scrolls the element identified by ``locator`` into view.</doc>
<status status="PASS" starttime="20210708 23:12:34.182" endtime="20210708 23:12:34.794"/>
</kw>
<kw name="Set Selenium Implicit Wait" library="SeleniumLibrary">
<arg>100s</arg>
<doc>Sets the implicit wait value used by Selenium.</doc>
<status status="PASS" starttime="20210708 23:12:34.795" endtime="20210708 23:12:34.798"/>
</kw>
<kw name="Click Element" library="SeleniumLibrary">
<arg>xpath=//span[contains(text(),'845')]</arg>
<doc>Click the element identified by ``locator``.</doc>
<msg timestamp="20210708 23:12:34.802" level="INFO">Clicking element 'xpath=//span[contains(text(),'845')]'.</msg>
<status status="PASS" starttime="20210708 23:12:34.799" endtime="20210708 23:12:36.238"/>
</kw>
<kw name="Set Selenium Implicit Wait" library="SeleniumLibrary">
<arg>30s</arg>
<doc>Sets the implicit wait value used by Selenium.</doc>
<status status="PASS" starttime="20210708 23:12:36.241" endtime="20210708 23:12:36.246"/>
</kw>
<kw name="Click Element" library="SeleniumLibrary">
<arg>xpath=(//a[contains(@href,'100-cotton-king-size-bedsheet-set-of-3')]/following::a[contains(text(),'Add To Cart')])[1]</arg>
<doc>Click the element identified by ``locator``.</doc>
<msg timestamp="20210708 23:12:36.248" level="INFO">Clicking element 'xpath=(//a[contains(@href,'100-cotton-king-size-bedsheet-set-of-3')]/following::a[contains(text(),'Add To Cart')])[1]'.</msg>
<status status="PASS" starttime="20210708 23:12:36.247" endtime="20210708 23:12:37.917"/>
</kw>
<kw name="Scroll Element Into View" library="SeleniumLibrary">
<arg>xpath=//a[@class='cart_bar']</arg>
<doc>Scrolls the element identified by ``locator`` into view.</doc>
<status status="PASS" starttime="20210708 23:12:37.919" endtime="20210708 23:12:38.452"/>
</kw>
<kw name="Click Element" library="SeleniumLibrary">
<arg>xpath=//a[@class='cart_bar']</arg>
<doc>Click the element identified by ``locator``.</doc>
<msg timestamp="20210708 23:12:38.456" level="INFO">Clicking element 'xpath=//a[@class='cart_bar']'.</msg>
<kw name="Capture Page Screenshot" library="SeleniumLibrary">
<doc>Takes a screenshot of the current page and embeds it into a log file.</doc>
<msg timestamp="20210708 23:12:40.289" level="INFO" html="true">&lt;/td&gt;&lt;/tr&gt;&lt;tr&gt;&lt;td colspan="3"&gt;&lt;a href="selenium-screenshot-45.png"&gt;&lt;img src="selenium-screenshot-45.png" width="800px"&gt;&lt;/a&gt;</msg>
<status status="PASS" starttime="20210708 23:12:39.684" endtime="20210708 23:12:40.289"/>
</kw>
<msg timestamp="20210708 23:12:40.300" level="FAIL">ElementClickInterceptedException: Message: element click intercepted: Element &lt;a href="javascript:void(0)" class="cart_bar"&gt;...&lt;/a&gt; is not clickable at point (1262, 77). Other element would receive the click: &lt;a href="javascript://" class="mini-userwishlist" id="mini-userwishlist-tab"&gt;...&lt;/a&gt;
  (Session info: chrome=91.0.4472.124)
</msg>
<status status="FAIL" starttime="20210708 23:12:38.455" endtime="20210708 23:12:40.300"/>
</kw>
<kw name="Click Element" library="SeleniumLibrary">
<arg>id=webklipper-publisher-widget-container-notification-close-div</arg>
<doc>Click the element identified by ``locator``.</doc>
<status status="NOT RUN" starttime="20210708 23:12:40.301" endtime="20210708 23:12:40.301"/>
</kw>
<kw name="Scroll Element Into View" library="SeleniumLibrary">
<arg>link=Proceed to pay securely</arg>
<doc>Scrolls the element identified by ``locator`` into view.</doc>
<status status="NOT RUN" starttime="20210708 23:12:40.302" endtime="20210708 23:12:40.302"/>
</kw>
<kw name="Click Element" library="SeleniumLibrary">
<arg>link=Proceed to pay securely</arg>
<doc>Click the element identified by ``locator``.</doc>
<status status="NOT RUN" starttime="20210708 23:12:40.303" endtime="20210708 23:12:40.303"/>
</kw>
<kw name="Scroll Element Into View" library="SeleniumLibrary">
<arg>link=PLACE ORDER</arg>
<doc>Scrolls the element identified by ``locator`` into view.</doc>
<status status="NOT RUN" starttime="20210708 23:12:40.303" endtime="20210708 23:12:40.303"/>
</kw>
<kw name="Click Element" library="SeleniumLibrary">
<arg>link=PLACE ORDER</arg>
<doc>Click the element identified by ``locator``.</doc>
<status status="NOT RUN" starttime="20210708 23:12:40.304" endtime="20210708 23:12:40.304"/>
</kw>
<kw name="Input Text" library="SeleniumLibrary">
<arg>id=name</arg>
<arg>sonali</arg>
<doc>Types the given ``text`` into the text field identified by ``locator``.</doc>
<status status="NOT RUN" starttime="20210708 23:12:40.305" endtime="20210708 23:12:40.305"/>
</kw>
<kw name="Scroll Element Into View" library="SeleniumLibrary">
<arg>xpath=(//input[@id='mobile']/following::div[@class='error'])[1]</arg>
<doc>Scrolls the element identified by ``locator`` into view.</doc>
<status status="NOT RUN" starttime="20210708 23:12:40.305" endtime="20210708 23:12:40.305"/>
</kw>
<kw name="Get Text" library="SeleniumLibrary">
<var>${text}</var>
<arg>xpath=(//input[@id='mobile']/following::div[@class='error'])[1]</arg>
<doc>Returns the text value of the element identified by ``locator``.</doc>
<status status="NOT RUN" starttime="20210708 23:12:40.306" endtime="20210708 23:12:40.306"/>
</kw>
<kw name="Log To Console" library="BuiltIn">
<arg>${text}</arg>
<doc>Logs the given message to the console.</doc>
<status status="NOT RUN" starttime="20210708 23:12:40.307" endtime="20210708 23:12:40.307"/>
</kw>
<status status="FAIL" starttime="20210708 23:12:09.111" endtime="20210708 23:12:40.309">ElementClickInterceptedException: Message: element click intercepted: Element &lt;a href="javascript:void(0)" class="cart_bar"&gt;...&lt;/a&gt; is not clickable at point (1262, 77). Other element would receive the click: &lt;a href="javascript://" class="mini-userwishlist" id="mini-userwishlist-tab"&gt;...&lt;/a&gt;
  (Session info: chrome=91.0.4472.124)
</status>
</test>
<status status="FAIL" starttime="20210708 23:12:08.664" endtime="20210708 23:12:40.311"/>
</suite>
<statistics>
<total>
<stat pass="0" fail="1" skip="0">All Tests</stat>
</total>
<tag>
</tag>
<suite>
<stat pass="0" fail="1" skip="0" id="s1" name="Selenium Test">Selenium Test</stat>
</suite>
</statistics>
<errors>
</errors>
</robot>
